<?xml version="1.0" encoding="UTF-8"?>
<testsuite name="DecodeTest" tests="1" skipped="0" failures="0" errors="0" timestamp="2021-10-24T19:09:22" hostname="Muthiora" time="0.021">
  <properties/>
  <testcase name="newDecode_instantiatesCorrectly()" classname="DecodeTest" time="0.021"/>
  <system-out><![CDATA[]]></system-out>
  <system-err><![CDATA[]]></system-err>
</testsuite>
