<?xml version="1.0" encoding="UTF-8"?>
<testsuite name="DecodeTest" tests="1" skipped="0" failures="0" errors="0" timestamp="2021-10-25T19:24:51" hostname="Muthiora" time="0.03">
  <properties/>
  <testcase name="Decode Instantiates Correctly." classname="DecodeTest" time="0.03"/>
  <system-out><![CDATA[]]></system-out>
  <system-err><![CDATA[]]></system-err>
</testsuite>
